SF:lib/core/result/result.dart
DA:3,3
DA:12,6
DA:15,4
DA:18,2
DA:21,2
DA:24,2
DA:27,1
DA:28,1
DA:30,3
DA:32,3
DA:35,3
DA:39,2
DA:43,2
DA:44,4
DA:47,3
DA:53,3
DA:58,1
DA:59,2
DA:61,1
DA:64,0
DA:67,1
DA:68,2
DA:73,2
DA:80,1
DA:81,3
DA:83,1
DA:86,0
DA:87,0
DA:88,0
DA:91,1
DA:92,3
LF:31
LH:27
end_of_record
SF:lib/domain/models/pessoa.dart
DA:5,2
DA:16,1
DA:21,1
DA:22,1
DA:23,0
DA:24,1
DA:30,2
DA:31,6
DA:34,8
DA:37,8
DA:40,8
DA:45,1
DA:46,4
DA:48,1
DA:51,1
DA:52,3
DA:53,0
DA:54,0
DA:57,1
DA:58,4
LF:20
LH:17
end_of_record
SF:lib/core/exceptions/database_exceptions.dart
DA:3,2
DA:8,0
DA:9,0
DA:14,0
DA:16,0
DA:17,0
DA:22,1
DA:24,0
DA:25,0
DA:30,0
DA:32,0
DA:33,0
DA:38,2
DA:40,0
DA:41,0
LF:15
LH:3
end_of_record
SF:lib/data/daos/pessoa_dao.dart
DA:9,1
DA:16,0
DA:18,0
DA:20,0
DA:24,0
DA:31,1
DA:33,2
DA:37,2
DA:39,0
DA:46,0
DA:48,0
DA:51,0
DA:55,0
DA:56,0
DA:58,0
DA:65,0
DA:66,0
DA:71,0
DA:73,0
DA:75,0
DA:78,0
DA:85,0
DA:87,0
DA:90,0
DA:93,0
DA:100,0
DA:102,0
DA:104,0
DA:106,0
DA:109,0
DA:111,0
DA:118,0
DA:120,0
DA:123,0
DA:125,0
LF:35
LH:4
end_of_record
SF:lib/data/dtos/pessoa_dto.dart
DA:6,1
DA:17,1
DA:18,1
DA:19,1
DA:20,1
DA:21,1
DA:26,0
DA:27,0
DA:28,0
DA:29,0
DA:30,0
DA:35,1
DA:36,1
DA:37,1
DA:38,1
DA:39,1
DA:44,0
DA:45,0
DA:46,0
DA:47,0
DA:49,0
DA:50,0
DA:55,0
DA:56,0
LF:24
LH:11
end_of_record
SF:lib/data/repositories/pessoa_repository_impl.dart
DA:10,2
DA:14,1
DA:17,1
DA:18,1
DA:19,2
DA:20,1
DA:21,1
DA:22,2
DA:23,1
DA:24,2
DA:26,2
DA:27,1
DA:31,2
DA:34,4
DA:35,6
DA:36,2
DA:37,1
DA:38,2
DA:40,0
DA:41,0
DA:45,1
DA:48,2
DA:49,1
DA:50,1
DA:51,1
DA:52,2
DA:54,0
DA:55,0
DA:59,1
DA:62,1
DA:63,1
DA:66,1
DA:67,1
DA:68,2
DA:70,1
DA:71,3
DA:74,1
DA:75,1
DA:76,2
DA:77,0
DA:78,0
DA:80,0
DA:81,0
DA:85,1
DA:88,2
DA:90,1
DA:91,2
DA:94,1
DA:95,1
DA:96,2
DA:98,0
DA:99,0
DA:103,1
DA:106,2
DA:107,1
DA:108,1
DA:109,2
DA:111,0
DA:112,0
LF:59
LH:47
end_of_record
SF:lib/main.dart
DA:6,0
DA:7,0
DA:10,0
DA:12,0
DA:17,1
DA:19,1
DA:21,1
DA:23,1
DA:25,1
LF:9
LH:5
end_of_record
SF:lib/core/di/service_locator.dart
DA:12,3
DA:15,1
DA:17,2
DA:18,2
DA:21,2
DA:22,4
DA:26,2
DA:27,1
DA:30,2
DA:31,2
DA:35,2
DA:36,4
DA:40,2
DA:41,4
DA:46,3
DA:49,0
DA:52,1
DA:53,2
DA:57,0
DA:58,0
DA:59,0
DA:61,0
DA:62,0
LF:23
LH:17
end_of_record
SF:lib/data/database/database_factory_provider.dart
DA:11,1
DA:13,0
DA:14,3
DA:15,1
DA:18,0
LF:5
LH:3
end_of_record
SF:lib/data/database/database_provider.dart
DA:8,1
DA:16,1
DA:17,2
DA:18,1
DA:22,1
DA:24,2
DA:27,1
DA:28,1
DA:31,0
DA:36,1
DA:38,1
DA:46,0
DA:51,0
DA:55,0
DA:56,0
DA:57,0
DA:60,0
DA:65,0
DA:66,0
DA:67,0
DA:68,0
DA:73,0
LF:22
LH:10
end_of_record
SF:lib/presentation/stores/pessoa_store.dart
DA:8,1
DA:9,1
DA:21,0
DA:22,2
DA:23,2
DA:24,0
DA:25,0
DA:26,0
DA:29,1
DA:30,1
DA:31,1
DA:33,2
DA:34,1
DA:35,1
DA:36,1
DA:37,1
DA:39,0
DA:40,0
DA:41,0
DA:47,0
DA:48,0
DA:49,0
DA:51,0
DA:52,0
DA:53,0
DA:55,0
DA:56,0
DA:58,0
DA:59,0
DA:60,0
DA:68,0
DA:69,0
DA:70,0
DA:72,0
DA:73,0
DA:74,0
DA:76,0
DA:77,0
DA:79,0
DA:80,0
DA:81,0
DA:89,0
DA:90,0
DA:92,0
DA:93,0
DA:94,0
DA:96,0
DA:98,0
DA:99,0
DA:107,0
DA:108,0
DA:109,0
DA:113,0
DA:114,0
DA:115,0
DA:119,0
DA:120,0
DA:124,0
DA:125,0
DA:129,1
DA:130,2
DA:131,1
DA:132,1
DA:136,0
DA:137,0
DA:138,0
DA:139,0
DA:143,0
DA:144,0
DA:145,0
DA:146,0
DA:150,1
DA:151,1
DA:152,0
DA:153,0
LF:75
LH:18
end_of_record
SF:lib/data/database/mobile_database_factory.dart
DA:7,0
DA:14,0
DA:15,0
DA:17,0
DA:25,0
DA:27,0
DA:28,0
LF:7
LH:0
end_of_record
SF:lib/data/database/desktop_database_factory.dart
DA:7,1
DA:9,1
DA:10,2
DA:13,1
DA:20,1
DA:21,1
DA:23,1
DA:31,0
DA:33,0
DA:34,0
LF:10
LH:7
end_of_record
SF:lib/data/database/web_database_factory.dart
DA:7,0
DA:9,0
DA:12,0
DA:20,0
DA:22,0
DA:30,0
LF:6
LH:0
end_of_record
SF:lib/presentation/pages/pessoas_page.dart
DA:8,1
DA:10,1
DA:11,1
DA:22,1
DA:24,1
DA:25,2
DA:26,3
DA:29,0
DA:31,0
DA:32,0
DA:33,0
DA:34,0
DA:37,1
DA:38,1
DA:39,2
DA:43,0
DA:44,0
DA:45,0
DA:46,0
DA:47,0
DA:48,0
DA:51,0
DA:52,0
DA:53,0
DA:55,0
DA:56,0
DA:57,0
DA:59,0
DA:60,0
DA:61,0
DA:63,0
DA:64,0
DA:65,0
DA:66,0
DA:72,0
DA:73,0
DA:74,0
DA:75,0
DA:76,0
DA:83,0
DA:84,0
DA:87,0
DA:88,0
DA:89,0
DA:90,0
DA:96,0
DA:97,0
DA:100,0
DA:101,0
DA:102,0
DA:110,0
DA:111,0
DA:112,0
DA:113,0
DA:115,0
DA:116,0
DA:117,0
DA:118,0
DA:121,0
DA:122,0
DA:123,0
DA:132,0
DA:133,0
DA:134,0
DA:135,0
DA:136,0
DA:140,1
DA:142,1
DA:144,1
DA:145,1
DA:147,1
DA:148,1
DA:150,2
DA:155,1
DA:156,1
DA:157,1
DA:159,1
DA:161,1
DA:165,1
DA:166,1
DA:174,1
DA:175,1
DA:176,1
DA:177,1
DA:178,1
DA:179,1
DA:180,1
DA:186,0
DA:187,0
DA:190,0
DA:193,0
DA:200,1
DA:201,1
DA:208,0
DA:209,0
DA:210,0
DA:213,0
DA:214,0
DA:221,1
DA:222,1
DA:223,1
DA:224,1
DA:225,3
DA:226,2
DA:232,1
DA:233,1
DA:236,0
DA:238,0
DA:239,0
DA:240,0
DA:253,1
DA:254,2
DA:263,0
DA:264,0
DA:265,0
DA:267,0
DA:269,0
DA:272,0
DA:273,0
DA:278,0
DA:279,0
DA:280,0
DA:281,0
DA:292,0
DA:311,0
DA:313,0
DA:314,0
DA:315,0
DA:316,0
DA:317,0
DA:319,0
DA:321,0
DA:322,0
DA:323,0
DA:324,0
DA:325,0
DA:329,0
DA:330,0
DA:331,0
DA:333,0
DA:334,0
DA:336,0
DA:337,0
DA:341,0
DA:364,0
LF:145
LH:43
end_of_record
